<?xml version="1.0" encoding="UTF-8"?>
<!-- Generated by org.testng.reporters.JUnitReportReporter -->
<testsuite skipped="0" hostname="digya" name="test.ClientTest" tests="1" failures="0" timestamp="8 Dec 2016 15:59:27 GMT" time="0.183" errors="0">
  <testcase name="ConnectionTest" time="0.183" classname="test.ClientTest"/>
</testsuite> <!-- test.ClientTest -->
